<?xml version="1.0" encoding="UTF-8"?>
<!-- Generated by org.testng.reporters.JUnitReportReporter -->
<testsuite skipped="0" hostname="DESKTOP-1Q9C5PA" name="com.inetBanking.testCases.TC_LoginPage_001" tests="1" failures="0" timestamp="09 Aug 2021 11:13:30 GMT" time="2.129" errors="0">
  <testcase name="loginTest" time="2.129" classname="com.inetBanking.testCases.TC_LoginPage_001"/>
</testsuite> <!-- com.inetBanking.testCases.TC_LoginPage_001 -->
