<?xml version="1.0" encoding="UTF-8"?>
<!-- Generated by org.testng.reporters.JUnitReportReporter -->
<testsuite skipped="0" hostname="DESKTOP-1Q9C5PA" name="com.inetBanking.testCases.TC_AddCustomerTest_003" tests="1" failures="0" timestamp="09 Aug 2021 11:07:25 GMT" time="14.295" errors="0">
  <testcase name="addnewCustomer" time="14.295" classname="com.inetBanking.testCases.TC_AddCustomerTest_003"/>
</testsuite> <!-- com.inetBanking.testCases.TC_AddCustomerTest_003 -->
