<?xml version="1.0" encoding="UTF-8"?>
<!-- Generated by org.testng.reporters.JUnitReportReporter -->
<testsuite skipped="0" hostname="DESKTOP-1Q9C5PA" name="com.inetBanking.testCases.TC_LoginPage_001" tests="1" failures="0" timestamp="11 Aug 2021 06:54:41 GMT" time="2.674" errors="0">
  <testcase name="loginTest" time="2.674" classname="com.inetBanking.testCases.TC_LoginPage_001"/>
</testsuite> <!-- com.inetBanking.testCases.TC_LoginPage_001 -->
